# JRE version: Java(TM) SE Runtime Environment (8.0_111-b14) (build 1.8.0_111-b14)
# Java VM: Java HotSpot(TM) Client VM (25.111-b14 mixed mode windows-x86 )
Heap:
 def new generation   total 39424K, used 8866K [0x07600000, 0x0a0c0000, 0x120a0000)
  eden space 35072K,  22% used [0x07600000, 0x07dd7b98, 0x09840000)
  from space 4352K,  19% used [0x09c80000, 0x09d51060, 0x0a0c0000)
  to   space 4352K,   0% used [0x09840000, 0x09840000, 0x09c80000)
 tenured generation   total 87424K, used 38570K [0x120a0000, 0x17600000, 0x27600000)
   the space 87424K,  44% used [0x120a0000, 0x1464ab00, 0x1464ac00, 0x17600000)
 Metaspace       used 19162K, capacity 19647K, committed 19712K, reserved 19840K
GC Heap History (10 events):
Event: 5.101 GC heap before
{Heap before GC invocations=3 (full 1):
 def new generation   total 39424K, used 35072K [0x07600000, 0x0a0c0000, 0x120a0000)
  eden space 35072K, 100% used [0x07600000, 0x09840000, 0x09840000)
  from space 4352K,   0% used [0x09840000, 0x09840000, 0x09c80000)
  to   space 4352K,   0% used [0x09c80000, 0x09c80000, 0x0a0c0000)
 tenured generation   total 87424K, used 20468K [0x120a0000, 0x17600000, 0x27600000)
   the space 87424K,  23% used [0x120a0000, 0x1349d298, 0x1349d400, 0x17600000)
 Metaspace       used 16813K, capacity 17218K, committed 17280K, reserved 17792K
Event: 5.110 GC heap after
Heap after GC invocations=4 (full 1):
 def new generation   total 39424K, used 4352K [0x07600000, 0x0a0c0000, 0x120a0000)
  eden space 35072K,   0% used [0x07600000, 0x07600000, 0x09840000)
  from space 4352K, 100% used [0x09c80000, 0x0a0c0000, 0x0a0c0000)
  to   space 4352K,   0% used [0x09840000, 0x09840000, 0x09c80000)
 tenured generation   total 87424K, used 22326K [0x120a0000, 0x17600000, 0x27600000)
   the space 87424K,  25% used [0x120a0000, 0x1366dbc0, 0x1366dc00, 0x17600000)
 Metaspace       used 16813K, capacity 17218K, committed 17280K, reserved 17792K
}
Event: 30.224 GC heap before
{Heap before GC invocations=4 (full 1):
 def new generation   total 39424K, used 39424K [0x07600000, 0x0a0c0000, 0x120a0000)
  eden space 35072K, 100% used [0x07600000, 0x09840000, 0x09840000)
  from space 4352K, 100% used [0x09c80000, 0x0a0c0000, 0x0a0c0000)
  to   space 4352K,   0% used [0x09840000, 0x09840000, 0x09c80000)
 tenured generation   total 87424K, used 22326K [0x120a0000, 0x17600000, 0x27600000)
   the space 87424K,  25% used [0x120a0000, 0x1366dbc0, 0x1366dc00, 0x17600000)
 Metaspace       used 18270K, capacity 18725K, committed 18816K, reserved 18816K
Event: 30.249 GC heap after
Heap after GC invocations=5 (full 1):
 def new generation   total 39424K, used 4352K [0x07600000, 0x0a0c0000, 0x120a0000)
  eden space 35072K,   0% used [0x07600000, 0x07600000, 0x09840000)
  from space 4352K, 100% used [0x09840000, 0x09c80000, 0x09c80000)
  to   space 4352K,   0% used [0x09c80000, 0x09c80000, 0x0a0c0000)
 tenured generation   total 87424K, used 33283K [0x120a0000, 0x17600000, 0x27600000)
   the space 87424K,  38% used [0x120a0000, 0x14120e40, 0x14121000, 0x17600000)
 Metaspace       used 18270K, capacity 18725K, committed 18816K, reserved 18816K
}
Event: 167.436 GC heap before
{Heap before GC invocations=5 (full 1):
 def new generation   total 39424K, used 39424K [0x07600000, 0x0a0c0000, 0x120a0000)
  eden space 35072K, 100% used [0x07600000, 0x09840000, 0x09840000)
  from space 4352K, 100% used [0x09840000, 0x09c80000, 0x09c80000)
  to   space 4352K,   0% used [0x09c80000, 0x09c80000, 0x0a0c0000)
 tenured generation   total 87424K, used 33283K [0x120a0000, 0x17600000, 0x27600000)
   the space 87424K,  38% used [0x120a0000, 0x14120e40, 0x14121000, 0x17600000)
 Metaspace       used 18957K, capacity 19425K, committed 19456K, reserved 19840K
Event: 167.449 GC heap after
Heap after GC invocations=6 (full 1):
 def new generation   total 39424K, used 2279K [0x07600000, 0x0a0c0000, 0x120a0000)
  eden space 35072K,   0% used [0x07600000, 0x07600000, 0x09840000)
  from space 4352K,  52% used [0x09c80000, 0x09eb9e58, 0x0a0c0000)
  to   space 4352K,   0% used [0x09840000, 0x09840000, 0x09c80000)
 tenured generation   total 87424K, used 36925K [0x120a0000, 0x17600000, 0x27600000)
   the space 87424K,  42% used [0x120a0000, 0x144af740, 0x144af800, 0x17600000)
 Metaspace       used 18957K, capacity 19425K, committed 19456K, reserved 19840K
}
Event: 268.309 GC heap before
{Heap before GC invocations=6 (full 1):
 def new generation   total 39424K, used 37351K [0x07600000, 0x0a0c0000, 0x120a0000)
  eden space 35072K, 100% used [0x07600000, 0x09840000, 0x09840000)
  from space 4352K,  52% used [0x09c80000, 0x09eb9e58, 0x0a0c0000)
  to   space 4352K,   0% used [0x09840000, 0x09840000, 0x09c80000)
 tenured generation   total 87424K, used 36925K [0x120a0000, 0x17600000, 0x27600000)
   the space 87424K,  42% used [0x120a0000, 0x144af740, 0x144af800, 0x17600000)
 Metaspace       used 19066K, capacity 19551K, committed 19584K, reserved 19840K
Event: 268.316 GC heap after
Heap after GC invocations=7 (full 1):
 def new generation   total 39424K, used 1198K [0x07600000, 0x0a0c0000, 0x120a0000)
  eden space 35072K,   0% used [0x07600000, 0x07600000, 0x09840000)
  from space 4352K,  27% used [0x09840000, 0x0996bac0, 0x09c80000)
  to   space 4352K,   0% used [0x09c80000, 0x09c80000, 0x0a0c0000)
 tenured generation   total 87424K, used 38570K [0x120a0000, 0x17600000, 0x27600000)
   the space 87424K,  44% used [0x120a0000, 0x1464ab00, 0x1464ac00, 0x17600000)
 Metaspace       used 19066K, capacity 19551K, committed 19584K, reserved 19840K
}
Event: 367.227 GC heap before
{Heap before GC invocations=7 (full 1):
 def new generation   total 39424K, used 36270K [0x07600000, 0x0a0c0000, 0x120a0000)
  eden space 35072K, 100% used [0x07600000, 0x09840000, 0x09840000)
  from space 4352K,  27% used [0x09840000, 0x0996bac0, 0x09c80000)
  to   space 4352K,   0% used [0x09c80000, 0x09c80000, 0x0a0c0000)
 tenured generation   total 87424K, used 38570K [0x120a0000, 0x17600000, 0x27600000)
   the space 87424K,  44% used [0x120a0000, 0x1464ab00, 0x1464ac00, 0x17600000)
 Metaspace       used 19135K, capacity 19615K, committed 19712K, reserved 19840K
Event: 367.231 GC heap after
Heap after GC invocations=8 (full 1):
 def new generation   total 39424K, used 836K [0x07600000, 0x0a0c0000, 0x120a0000)
  eden space 35072K,   0% used [0x07600000, 0x07600000, 0x09840000)
  from space 4352K,  19% used [0x09c80000, 0x09d51060, 0x0a0c0000)
  to   space 4352K,   0% used [0x09840000, 0x09840000, 0x09c80000)
 tenured generation   total 87424K, used 38570K [0x120a0000, 0x17600000, 0x27600000)
   the space 87424K,  44% used [0x120a0000, 0x1464ab00, 0x1464ac00, 0x17600000)
 Metaspace       used 19135K, capacity 19615K, committed 19712K, reserved 19840K
}

